<?xml version="1.0" encoding="UTF-8"?>
<!-- Generated by org.testng.reporters.JUnitReportReporter -->
<testsuite hostname="PC-DLago" name="es.telefonica.Login" tests="1" failures="0" timestamp="26 Sep 2017 12:28:30 GMT" time="7.836" errors="0">
  <testcase name="loginOK" time="7.836" classname="es.telefonica.Login"/>
</testsuite> <!-- es.telefonica.Login -->
